2024-08-04 21:05:35,126 [Worker-1: Loading available Gradle versions] INFO  o.e.b.c.i.u.g.PublishedGradleVersions - Gradle version information cache is out-of-date. Trying to update.
2024-08-04 21:05:48,455 [Worker-11: Update Maven projects configuration] INFO  o.e.m.c.i.p.ProjectConfigurationManager - Update started
2024-08-04 21:05:51,387 [Worker-11: Update Maven projects configuration] INFO  o.e.m.c.i.l.LifecycleMappingFactory - Using org.eclipse.m2e.jdt.JarLifecycleMapping lifecycle mapping for MavenProject: com.project2:personnel_management_v2:0.0.1-SNAPSHOT @ /Users/jaredmai/Desktop/Personnel-Management-v2/Personnel-Management-v2/backend/personnel_management_v2/pom.xml.
2024-08-04 21:05:51,955 [Worker-11: Update Maven projects configuration] INFO  o.e.m.c.i.e.AbstractTransferListenerAdapter - Downloading https://repo.maven.apache.org/maven2/org/apache/httpcomponents/httpclient/4.5.13/httpclient-4.5.13.pom
2024-08-04 21:05:51,965 [Worker-11: Update Maven projects configuration] INFO  o.e.m.c.i.e.AbstractTransferListenerAdapter - Downloaded https://repo.maven.apache.org/maven2/org/apache/httpcomponents/httpclient/4.5.13/httpclient-4.5.13.pom
2024-08-04 21:05:51,992 [Worker-11: Update Maven projects configuration] INFO  o.e.m.c.i.e.AbstractTransferListenerAdapter - Downloading https://repo.maven.apache.org/maven2/org/apache/httpcomponents/httpcomponents-client/4.5.13/httpcomponents-client-4.5.13.pom
2024-08-04 21:05:52,002 [Worker-11: Update Maven projects configuration] INFO  o.e.m.c.i.e.AbstractTransferListenerAdapter - Downloaded https://repo.maven.apache.org/maven2/org/apache/httpcomponents/httpcomponents-client/4.5.13/httpcomponents-client-4.5.13.pom
2024-08-04 21:05:52,037 [Worker-11: Update Maven projects configuration] INFO  o.e.m.c.i.e.AbstractTransferListenerAdapter - Downloading https://repo.maven.apache.org/maven2/commons-logging/commons-logging/1.2/commons-logging-1.2.pom
2024-08-04 21:05:52,043 [Worker-11: Update Maven projects configuration] INFO  o.e.m.c.i.e.AbstractTransferListenerAdapter - Downloaded https://repo.maven.apache.org/maven2/commons-logging/commons-logging/1.2/commons-logging-1.2.pom
2024-08-04 21:05:52,082 [Worker-11: Update Maven projects configuration] INFO  o.e.m.c.i.e.AbstractTransferListenerAdapter - Downloading https://repo.maven.apache.org/maven2/org/apache/commons/commons-parent/34/commons-parent-34.pom
2024-08-04 21:05:52,106 [Worker-11: Update Maven projects configuration] INFO  o.e.m.c.i.e.AbstractTransferListenerAdapter - Downloaded https://repo.maven.apache.org/maven2/org/apache/commons/commons-parent/34/commons-parent-34.pom
2024-08-04 21:05:52,162 [Worker-11: Update Maven projects configuration] INFO  o.e.m.c.i.e.AbstractTransferListenerAdapter - Downloading https://repo.maven.apache.org/maven2/org/apache/httpcomponents/httpclient/4.5.13/httpclient-4.5.13.jar
2024-08-04 21:05:52,262 [Worker-11: Update Maven projects configuration] INFO  o.e.m.c.i.e.AbstractTransferListenerAdapter - Downloaded https://repo.maven.apache.org/maven2/org/apache/httpcomponents/httpclient/4.5.13/httpclient-4.5.13.jar
2024-08-04 21:05:52,290 [BasicRepositoryConnector-repo.maven.apache.org-0-0] INFO  o.e.m.c.i.e.AbstractTransferListenerAdapter - Downloading https://repo.maven.apache.org/maven2/commons-logging/commons-logging/1.2/commons-logging-1.2.jar
2024-08-04 21:05:52,292 [BasicRepositoryConnector-repo.maven.apache.org-0-0] INFO  o.e.m.c.i.e.AbstractTransferListenerAdapter - Downloaded https://repo.maven.apache.org/maven2/commons-logging/commons-logging/1.2/commons-logging-1.2.jar
2024-08-04 21:05:52,997 [Worker-11: Update Maven projects configuration] INFO  o.e.m.j.i.AbstractJavaProjectConfigurator - Adding source folder /personnel_management_v2/src/main/java
2024-08-04 21:05:52,998 [Worker-11: Update Maven projects configuration] INFO  o.e.m.j.i.AbstractJavaProjectConfigurator - Adding resource folder /personnel_management_v2/src/main/resources
2024-08-04 21:05:53,002 [Worker-11: Update Maven projects configuration] INFO  o.e.m.j.i.AbstractJavaProjectConfigurator - Adding resource folder /personnel_management_v2/src/main/resources
2024-08-04 21:05:53,004 [Worker-11: Update Maven projects configuration] INFO  o.e.m.j.i.AbstractJavaProjectConfigurator - Adding source folder /personnel_management_v2/src/test/java
2024-08-04 21:05:53,004 [Worker-11: Update Maven projects configuration] INFO  o.e.m.j.i.AbstractJavaProjectConfigurator - Adding resource folder /personnel_management_v2/src/test/resources
2024-08-04 21:05:53,710 [Worker-11: Update Maven projects configuration] INFO  o.e.m.c.i.p.ProjectConfigurationManager - Update completed for 1 poms: local refresh takes 0.00 sec, refresh facades takes 4.00 sec, update config takes 1.00 sec 
2024-08-04 21:05:53,721 [Worker-10: Download sources and javadoc] INFO  o.e.m.c.i.e.AbstractTransferListenerAdapter - Downloading https://repo.maven.apache.org/maven2/org/apache/httpcomponents/httpclient/4.5.13/httpclient-4.5.13-sources.jar
2024-08-04 21:05:53,825 [Worker-10: Download sources and javadoc] INFO  o.e.m.c.i.e.AbstractTransferListenerAdapter - Downloaded https://repo.maven.apache.org/maven2/org/apache/httpcomponents/httpclient/4.5.13/httpclient-4.5.13-sources.jar
2024-08-04 21:05:53,826 [Worker-10: Download sources and javadoc] INFO  o.e.m.j.internal.DownloadSourcesJob - Downloaded sources for org.apache.httpcomponents:httpclient:4.5.13
2024-08-04 21:05:53,913 [Worker-10: Download sources and javadoc] INFO  o.e.m.c.i.e.AbstractTransferListenerAdapter - Downloading https://repo.maven.apache.org/maven2/commons-logging/commons-logging/1.2/commons-logging-1.2-sources.jar
2024-08-04 21:05:53,931 [Worker-5: Building] INFO  o.a.m.s.f.DefaultMavenResourcesFiltering - Copying 1 resource from src/main/resources to target/classes
2024-08-04 21:05:53,938 [Worker-5: Building] INFO  o.a.m.s.f.DefaultMavenResourcesFiltering - Copying 0 resource from src/main/resources to target/classes
2024-08-04 21:05:53,942 [Worker-5: Building] INFO  o.a.m.s.f.DefaultMavenResourcesFiltering - skip non existing resourceDirectory /Users/jaredmai/Desktop/Personnel-Management-v2/Personnel-Management-v2/backend/personnel_management_v2/src/test/resources
2024-08-04 21:05:53,948 [Worker-10: Download sources and javadoc] INFO  o.e.m.c.i.e.AbstractTransferListenerAdapter - Downloaded https://repo.maven.apache.org/maven2/commons-logging/commons-logging/1.2/commons-logging-1.2-sources.jar
2024-08-04 21:05:53,949 [Worker-10: Download sources and javadoc] INFO  o.e.m.j.internal.DownloadSourcesJob - Downloaded sources for commons-logging:commons-logging:1.2
2024-08-04 21:07:58,933 [Worker-5: Building] INFO  o.e.m.c.i.l.LifecycleMappingFactory - Using org.eclipse.m2e.jdt.JarLifecycleMapping lifecycle mapping for MavenProject: com.skillstorm:JWT:0.0.1-SNAPSHOT @ /Users/jaredmai/Documents/20240610-java-sailpoint/week-08/day-04/jwt-backend/pom.xml.
2024-08-04 21:07:59,181 [Worker-5: Building] INFO  o.a.m.s.f.DefaultMavenResourcesFiltering - Copying 1 resource from src/main/resources to target/classes
2024-08-04 21:07:59,188 [Worker-5: Building] INFO  o.a.m.s.f.DefaultMavenResourcesFiltering - Copying 0 resource from src/main/resources to target/classes
2024-08-04 21:07:59,190 [Worker-5: Building] INFO  o.a.m.s.f.DefaultMavenResourcesFiltering - skip non existing resourceDirectory /Users/jaredmai/Documents/20240610-java-sailpoint/week-08/day-04/jwt-backend/src/test/resources
2024-08-04 21:07:59,478 [Worker-5: Updating Maven Dependencies] INFO  o.e.m.c.i.l.LifecycleMappingFactory - Using org.eclipse.m2e.jdt.JarLifecycleMapping lifecycle mapping for MavenProject: com.skillstorm:JWT:0.0.1-SNAPSHOT @ /Users/jaredmai/Documents/20240610-java-sailpoint/week-08/day-04/jwt-backend/pom.xml.
2024-08-04 21:07:59,862 [Worker-9: Building] INFO  o.a.m.s.f.DefaultMavenResourcesFiltering - Copying 1 resource from src/main/resources to target/classes
2024-08-04 21:07:59,868 [Worker-9: Building] INFO  o.a.m.s.f.DefaultMavenResourcesFiltering - Copying 0 resource from src/main/resources to target/classes
2024-08-04 21:07:59,870 [Worker-9: Building] INFO  o.a.m.s.f.DefaultMavenResourcesFiltering - skip non existing resourceDirectory /Users/jaredmai/Documents/20240610-java-sailpoint/week-08/day-04/jwt-backend/src/test/resources
2024-08-04 21:08:17,269 [Worker-2: Building] INFO  o.a.m.s.f.DefaultMavenResourcesFiltering - Copying 1 resource from src/main/resources to target/classes
2024-08-04 21:08:17,278 [Worker-2: Building] INFO  o.a.m.s.f.DefaultMavenResourcesFiltering - Copying 0 resource from src/main/resources to target/classes
2024-08-04 21:08:17,280 [Worker-2: Building] INFO  o.a.m.s.f.DefaultMavenResourcesFiltering - skip non existing resourceDirectory /Users/jaredmai/Desktop/Personnel-Management-v2/Personnel-Management-v2/backend/personnel_management_v2/src/test/resources
2024-08-06 09:45:00,925 [Worker-26: Update Maven projects configuration] INFO  o.e.m.c.i.p.ProjectConfigurationManager - Update started
2024-08-06 09:45:01,782 [Worker-26: Update Maven projects configuration] INFO  o.e.m.c.i.l.LifecycleMappingFactory - Using org.eclipse.m2e.jdt.JarLifecycleMapping lifecycle mapping for MavenProject: com.skillstorm:oauth:0.0.1-SNAPSHOT @ /Users/jaredmai/Documents/20240610-java-sailpoint/week-08/day-05/oauth/pom.xml.
2024-08-06 09:45:02,360 [Worker-26: Update Maven projects configuration] INFO  o.e.m.c.i.e.AbstractTransferListenerAdapter - Downloading https://repo.maven.apache.org/maven2/org/springframework/boot/spring-boot-starter-oauth2-client/3.3.2/spring-boot-starter-oauth2-client-3.3.2.pom
2024-08-06 09:45:02,364 [Worker-26: Update Maven projects configuration] INFO  o.e.m.c.i.e.AbstractTransferListenerAdapter - Downloaded https://repo.maven.apache.org/maven2/org/springframework/boot/spring-boot-starter-oauth2-client/3.3.2/spring-boot-starter-oauth2-client-3.3.2.pom
2024-08-06 09:45:02,614 [Worker-26: Update Maven projects configuration] INFO  o.e.m.c.i.e.AbstractTransferListenerAdapter - Downloading https://repo.maven.apache.org/maven2/org/springframework/security/spring-security-oauth2-client/6.3.1/spring-security-oauth2-client-6.3.1.pom
2024-08-06 09:45:02,617 [Worker-26: Update Maven projects configuration] INFO  o.e.m.c.i.e.AbstractTransferListenerAdapter - Downloaded https://repo.maven.apache.org/maven2/org/springframework/security/spring-security-oauth2-client/6.3.1/spring-security-oauth2-client-6.3.1.pom
2024-08-06 09:45:02,650 [Worker-26: Update Maven projects configuration] INFO  o.e.m.c.i.e.AbstractTransferListenerAdapter - Downloading https://repo.maven.apache.org/maven2/org/springframework/security/spring-security-oauth2-core/6.3.1/spring-security-oauth2-core-6.3.1.pom
2024-08-06 09:45:02,654 [Worker-26: Update Maven projects configuration] INFO  o.e.m.c.i.e.AbstractTransferListenerAdapter - Downloaded https://repo.maven.apache.org/maven2/org/springframework/security/spring-security-oauth2-core/6.3.1/spring-security-oauth2-core-6.3.1.pom
2024-08-06 09:45:02,700 [Worker-26: Update Maven projects configuration] INFO  o.e.m.c.i.e.AbstractTransferListenerAdapter - Downloading https://repo.maven.apache.org/maven2/com/nimbusds/oauth2-oidc-sdk/9.43.4/oauth2-oidc-sdk-9.43.4.pom
2024-08-06 09:45:02,708 [Worker-26: Update Maven projects configuration] INFO  o.e.m.c.i.e.AbstractTransferListenerAdapter - Downloaded https://repo.maven.apache.org/maven2/com/nimbusds/oauth2-oidc-sdk/9.43.4/oauth2-oidc-sdk-9.43.4.pom
2024-08-06 09:45:02,739 [Worker-26: Update Maven projects configuration] INFO  o.e.m.c.i.e.AbstractTransferListenerAdapter - Downloading https://repo.maven.apache.org/maven2/com/github/stephenc/jcip/jcip-annotations/1.0-1/jcip-annotations-1.0-1.pom
2024-08-06 09:45:02,743 [Worker-26: Update Maven projects configuration] INFO  o.e.m.c.i.e.AbstractTransferListenerAdapter - Downloaded https://repo.maven.apache.org/maven2/com/github/stephenc/jcip/jcip-annotations/1.0-1/jcip-annotations-1.0-1.pom
2024-08-06 09:45:02,772 [Worker-26: Update Maven projects configuration] INFO  o.e.m.c.i.e.AbstractTransferListenerAdapter - Downloading https://repo.maven.apache.org/maven2/com/nimbusds/content-type/2.2/content-type-2.2.pom
2024-08-06 09:45:02,776 [Worker-26: Update Maven projects configuration] INFO  o.e.m.c.i.e.AbstractTransferListenerAdapter - Downloaded https://repo.maven.apache.org/maven2/com/nimbusds/content-type/2.2/content-type-2.2.pom
2024-08-06 09:45:02,813 [Worker-26: Update Maven projects configuration] INFO  o.e.m.c.i.e.AbstractTransferListenerAdapter - Downloading https://repo.maven.apache.org/maven2/com/nimbusds/lang-tag/1.7/lang-tag-1.7.pom
2024-08-06 09:45:02,816 [Worker-26: Update Maven projects configuration] INFO  o.e.m.c.i.e.AbstractTransferListenerAdapter - Downloaded https://repo.maven.apache.org/maven2/com/nimbusds/lang-tag/1.7/lang-tag-1.7.pom
2024-08-06 09:45:02,845 [Worker-26: Update Maven projects configuration] INFO  o.e.m.c.i.e.AbstractTransferListenerAdapter - Downloading https://repo.maven.apache.org/maven2/com/nimbusds/nimbus-jose-jwt/9.37.3/nimbus-jose-jwt-9.37.3.pom
2024-08-06 09:45:02,849 [Worker-26: Update Maven projects configuration] INFO  o.e.m.c.i.e.AbstractTransferListenerAdapter - Downloaded https://repo.maven.apache.org/maven2/com/nimbusds/nimbus-jose-jwt/9.37.3/nimbus-jose-jwt-9.37.3.pom
2024-08-06 09:45:02,884 [Worker-26: Update Maven projects configuration] INFO  o.e.m.c.i.e.AbstractTransferListenerAdapter - Downloading https://repo.maven.apache.org/maven2/org/springframework/security/spring-security-oauth2-jose/6.3.1/spring-security-oauth2-jose-6.3.1.pom
2024-08-06 09:45:02,891 [Worker-26: Update Maven projects configuration] INFO  o.e.m.c.i.e.AbstractTransferListenerAdapter - Downloaded https://repo.maven.apache.org/maven2/org/springframework/security/spring-security-oauth2-jose/6.3.1/spring-security-oauth2-jose-6.3.1.pom
2024-08-06 09:45:03,220 [Worker-26: Update Maven projects configuration] INFO  o.e.m.c.i.e.AbstractTransferListenerAdapter - Downloading https://repo.maven.apache.org/maven2/org/springframework/boot/spring-boot-starter-oauth2-client/3.3.2/spring-boot-starter-oauth2-client-3.3.2.jar
2024-08-06 09:45:03,223 [Worker-26: Update Maven projects configuration] INFO  o.e.m.c.i.e.AbstractTransferListenerAdapter - Downloaded https://repo.maven.apache.org/maven2/org/springframework/boot/spring-boot-starter-oauth2-client/3.3.2/spring-boot-starter-oauth2-client-3.3.2.jar
2024-08-06 09:45:03,275 [BasicRepositoryConnector-repo.maven.apache.org-1-0] INFO  o.e.m.c.i.e.AbstractTransferListenerAdapter - Downloading https://repo.maven.apache.org/maven2/org/springframework/security/spring-security-oauth2-client/6.3.1/spring-security-oauth2-client-6.3.1.jar
2024-08-06 09:45:03,318 [BasicRepositoryConnector-repo.maven.apache.org-1-4] INFO  o.e.m.c.i.e.AbstractTransferListenerAdapter - Downloading https://repo.maven.apache.org/maven2/com/nimbusds/content-type/2.2/content-type-2.2.jar
2024-08-06 09:45:03,318 [BasicRepositoryConnector-repo.maven.apache.org-1-2] INFO  o.e.m.c.i.e.AbstractTransferListenerAdapter - Downloading https://repo.maven.apache.org/maven2/com/nimbusds/oauth2-oidc-sdk/9.43.4/oauth2-oidc-sdk-9.43.4.jar
2024-08-06 09:45:03,323 [BasicRepositoryConnector-repo.maven.apache.org-1-4] INFO  o.e.m.c.i.e.AbstractTransferListenerAdapter - Downloaded https://repo.maven.apache.org/maven2/com/nimbusds/content-type/2.2/content-type-2.2.jar
2024-08-06 09:45:03,331 [BasicRepositoryConnector-repo.maven.apache.org-1-3] INFO  o.e.m.c.i.e.AbstractTransferListenerAdapter - Downloading https://repo.maven.apache.org/maven2/com/github/stephenc/jcip/jcip-annotations/1.0-1/jcip-annotations-1.0-1.jar
2024-08-06 09:45:03,332 [BasicRepositoryConnector-repo.maven.apache.org-1-1] INFO  o.e.m.c.i.e.AbstractTransferListenerAdapter - Downloading https://repo.maven.apache.org/maven2/org/springframework/security/spring-security-oauth2-core/6.3.1/spring-security-oauth2-core-6.3.1.jar
2024-08-06 09:45:03,334 [BasicRepositoryConnector-repo.maven.apache.org-1-3] INFO  o.e.m.c.i.e.AbstractTransferListenerAdapter - Downloaded https://repo.maven.apache.org/maven2/com/github/stephenc/jcip/jcip-annotations/1.0-1/jcip-annotations-1.0-1.jar
2024-08-06 09:45:03,350 [BasicRepositoryConnector-repo.maven.apache.org-1-4] INFO  o.e.m.c.i.e.AbstractTransferListenerAdapter - Downloading https://repo.maven.apache.org/maven2/com/nimbusds/lang-tag/1.7/lang-tag-1.7.jar
2024-08-06 09:45:03,353 [BasicRepositoryConnector-repo.maven.apache.org-1-0] INFO  o.e.m.c.i.e.AbstractTransferListenerAdapter - Downloaded https://repo.maven.apache.org/maven2/org/springframework/security/spring-security-oauth2-client/6.3.1/spring-security-oauth2-client-6.3.1.jar
2024-08-06 09:45:03,356 [BasicRepositoryConnector-repo.maven.apache.org-1-4] INFO  o.e.m.c.i.e.AbstractTransferListenerAdapter - Downloaded https://repo.maven.apache.org/maven2/com/nimbusds/lang-tag/1.7/lang-tag-1.7.jar
2024-08-06 09:45:03,358 [BasicRepositoryConnector-repo.maven.apache.org-1-3] INFO  o.e.m.c.i.e.AbstractTransferListenerAdapter - Downloading https://repo.maven.apache.org/maven2/org/springframework/security/spring-security-oauth2-jose/6.3.1/spring-security-oauth2-jose-6.3.1.jar
2024-08-06 09:45:03,378 [BasicRepositoryConnector-repo.maven.apache.org-1-0] INFO  o.e.m.c.i.e.AbstractTransferListenerAdapter - Downloading https://repo.maven.apache.org/maven2/com/nimbusds/nimbus-jose-jwt/9.37.3/nimbus-jose-jwt-9.37.3.jar
2024-08-06 09:45:03,378 [BasicRepositoryConnector-repo.maven.apache.org-1-1] INFO  o.e.m.c.i.e.AbstractTransferListenerAdapter - Downloaded https://repo.maven.apache.org/maven2/org/springframework/security/spring-security-oauth2-core/6.3.1/spring-security-oauth2-core-6.3.1.jar
2024-08-06 09:45:03,408 [BasicRepositoryConnector-repo.maven.apache.org-1-3] INFO  o.e.m.c.i.e.AbstractTransferListenerAdapter - Downloaded https://repo.maven.apache.org/maven2/org/springframework/security/spring-security-oauth2-jose/6.3.1/spring-security-oauth2-jose-6.3.1.jar
2024-08-06 09:45:03,422 [BasicRepositoryConnector-repo.maven.apache.org-1-2] INFO  o.e.m.c.i.e.AbstractTransferListenerAdapter - Downloaded https://repo.maven.apache.org/maven2/com/nimbusds/oauth2-oidc-sdk/9.43.4/oauth2-oidc-sdk-9.43.4.jar
2024-08-06 09:45:03,473 [BasicRepositoryConnector-repo.maven.apache.org-1-0] INFO  o.e.m.c.i.e.AbstractTransferListenerAdapter - Downloaded https://repo.maven.apache.org/maven2/com/nimbusds/nimbus-jose-jwt/9.37.3/nimbus-jose-jwt-9.37.3.jar
2024-08-06 09:45:03,952 [Worker-26: Update Maven projects configuration] INFO  o.e.m.j.i.AbstractJavaProjectConfigurator - Adding source folder /oauth/src/main/java
2024-08-06 09:45:03,952 [Worker-26: Update Maven projects configuration] INFO  o.e.m.j.i.AbstractJavaProjectConfigurator - Adding resource folder /oauth/src/main/resources
2024-08-06 09:45:03,960 [Worker-26: Update Maven projects configuration] INFO  o.e.m.j.i.AbstractJavaProjectConfigurator - Adding resource folder /oauth/src/main/resources
2024-08-06 09:45:03,967 [Worker-26: Update Maven projects configuration] INFO  o.e.m.j.i.AbstractJavaProjectConfigurator - Adding source folder /oauth/src/test/java
2024-08-06 09:45:03,968 [Worker-26: Update Maven projects configuration] INFO  o.e.m.j.i.AbstractJavaProjectConfigurator - Adding resource folder /oauth/src/test/resources
2024-08-06 09:45:05,367 [Worker-26: Update Maven projects configuration] INFO  o.e.m.c.i.p.ProjectConfigurationManager - Update completed for 1 poms: local refresh takes 0.00 sec, refresh facades takes 2.00 sec, update config takes 1.00 sec 
2024-08-06 09:45:05,554 [Worker-27: Updating Maven Dependencies] INFO  o.e.m.c.i.l.LifecycleMappingFactory - Using org.eclipse.m2e.jdt.JarLifecycleMapping lifecycle mapping for MavenProject: com.skillstorm:oauth:0.0.1-SNAPSHOT @ /Users/jaredmai/Documents/20240610-java-sailpoint/week-08/day-05/oauth/pom.xml.
2024-08-06 09:45:05,588 [Worker-29: Download sources and javadoc] INFO  o.e.m.c.i.e.AbstractTransferListenerAdapter - Downloading https://repo.maven.apache.org/maven2/org/springframework/boot/spring-boot-starter-oauth2-client/3.3.2/spring-boot-starter-oauth2-client-3.3.2-sources.jar
2024-08-06 09:45:05,594 [Worker-29: Download sources and javadoc] INFO  o.e.m.c.i.e.AbstractTransferListenerAdapter - Downloaded https://repo.maven.apache.org/maven2/org/springframework/boot/spring-boot-starter-oauth2-client/3.3.2/spring-boot-starter-oauth2-client-3.3.2-sources.jar
2024-08-06 09:45:05,600 [Worker-29: Download sources and javadoc] INFO  o.e.m.j.internal.DownloadSourcesJob - Downloaded sources for org.springframework.boot:spring-boot-starter-oauth2-client:3.3.2
2024-08-06 09:45:05,716 [Worker-29: Download sources and javadoc] INFO  o.e.m.c.i.e.AbstractTransferListenerAdapter - Downloading https://repo.maven.apache.org/maven2/org/springframework/security/spring-security-oauth2-client/6.3.1/spring-security-oauth2-client-6.3.1-sources.jar
2024-08-06 09:45:05,785 [Worker-29: Download sources and javadoc] INFO  o.e.m.c.i.e.AbstractTransferListenerAdapter - Downloaded https://repo.maven.apache.org/maven2/org/springframework/security/spring-security-oauth2-client/6.3.1/spring-security-oauth2-client-6.3.1-sources.jar
2024-08-06 09:45:05,790 [Worker-29: Download sources and javadoc] INFO  o.e.m.j.internal.DownloadSourcesJob - Downloaded sources for org.springframework.security:spring-security-oauth2-client:6.3.1
2024-08-06 09:45:05,830 [Worker-31: Building] INFO  o.a.m.s.f.DefaultMavenResourcesFiltering - Copying 1 resource from src/main/resources to target/classes
2024-08-06 09:45:05,862 [Worker-31: Building] INFO  o.a.m.s.f.DefaultMavenResourcesFiltering - Copying 0 resource from src/main/resources to target/classes
2024-08-06 09:45:05,865 [Worker-29: Download sources and javadoc] INFO  o.e.m.c.i.e.AbstractTransferListenerAdapter - Downloading https://repo.maven.apache.org/maven2/org/springframework/security/spring-security-oauth2-core/6.3.1/spring-security-oauth2-core-6.3.1-sources.jar
2024-08-06 09:45:05,870 [Worker-31: Building] INFO  o.a.m.s.f.DefaultMavenResourcesFiltering - skip non existing resourceDirectory /Users/jaredmai/Documents/20240610-java-sailpoint/week-08/day-05/oauth/src/test/resources
2024-08-06 09:45:05,898 [Worker-29: Download sources and javadoc] INFO  o.e.m.c.i.e.AbstractTransferListenerAdapter - Downloaded https://repo.maven.apache.org/maven2/org/springframework/security/spring-security-oauth2-core/6.3.1/spring-security-oauth2-core-6.3.1-sources.jar
2024-08-06 09:45:05,900 [Worker-29: Download sources and javadoc] INFO  o.e.m.j.internal.DownloadSourcesJob - Downloaded sources for org.springframework.security:spring-security-oauth2-core:6.3.1
2024-08-06 09:45:05,968 [Worker-29: Download sources and javadoc] INFO  o.e.m.c.i.e.AbstractTransferListenerAdapter - Downloading https://repo.maven.apache.org/maven2/com/nimbusds/oauth2-oidc-sdk/9.43.4/oauth2-oidc-sdk-9.43.4-sources.jar
2024-08-06 09:45:06,151 [Worker-29: Download sources and javadoc] INFO  o.e.m.c.i.e.AbstractTransferListenerAdapter - Downloaded https://repo.maven.apache.org/maven2/com/nimbusds/oauth2-oidc-sdk/9.43.4/oauth2-oidc-sdk-9.43.4-sources.jar
2024-08-06 09:45:06,156 [Worker-29: Download sources and javadoc] INFO  o.e.m.j.internal.DownloadSourcesJob - Downloaded sources for com.nimbusds:oauth2-oidc-sdk:9.43.4
2024-08-06 09:45:06,277 [Worker-29: Download sources and javadoc] INFO  o.e.m.c.i.e.AbstractTransferListenerAdapter - Downloading https://repo.maven.apache.org/maven2/com/github/stephenc/jcip/jcip-annotations/1.0-1/jcip-annotations-1.0-1-sources.jar
2024-08-06 09:45:06,280 [Worker-29: Download sources and javadoc] INFO  o.e.m.c.i.e.AbstractTransferListenerAdapter - Downloaded https://repo.maven.apache.org/maven2/com/github/stephenc/jcip/jcip-annotations/1.0-1/jcip-annotations-1.0-1-sources.jar
2024-08-06 09:45:06,282 [Worker-29: Download sources and javadoc] INFO  o.e.m.j.internal.DownloadSourcesJob - Downloaded sources for com.github.stephenc.jcip:jcip-annotations:1.0-1
2024-08-06 09:45:06,394 [Worker-29: Download sources and javadoc] INFO  o.e.m.c.i.e.AbstractTransferListenerAdapter - Downloading https://repo.maven.apache.org/maven2/com/nimbusds/content-type/2.2/content-type-2.2-sources.jar
2024-08-06 09:45:06,401 [Worker-29: Download sources and javadoc] INFO  o.e.m.c.i.e.AbstractTransferListenerAdapter - Downloaded https://repo.maven.apache.org/maven2/com/nimbusds/content-type/2.2/content-type-2.2-sources.jar
2024-08-06 09:45:06,411 [Worker-29: Download sources and javadoc] INFO  o.e.m.j.internal.DownloadSourcesJob - Downloaded sources for com.nimbusds:content-type:2.2
2024-08-06 09:45:06,485 [Worker-29: Download sources and javadoc] INFO  o.e.m.c.i.e.AbstractTransferListenerAdapter - Downloading https://repo.maven.apache.org/maven2/com/nimbusds/lang-tag/1.7/lang-tag-1.7-sources.jar
2024-08-06 09:45:06,489 [Worker-29: Download sources and javadoc] INFO  o.e.m.c.i.e.AbstractTransferListenerAdapter - Downloaded https://repo.maven.apache.org/maven2/com/nimbusds/lang-tag/1.7/lang-tag-1.7-sources.jar
2024-08-06 09:45:06,492 [Worker-29: Download sources and javadoc] INFO  o.e.m.j.internal.DownloadSourcesJob - Downloaded sources for com.nimbusds:lang-tag:1.7
2024-08-06 09:45:06,567 [Worker-29: Download sources and javadoc] INFO  o.e.m.c.i.e.AbstractTransferListenerAdapter - Downloading https://repo.maven.apache.org/maven2/org/springframework/security/spring-security-oauth2-jose/6.3.1/spring-security-oauth2-jose-6.3.1-sources.jar
2024-08-06 09:45:06,595 [Worker-29: Download sources and javadoc] INFO  o.e.m.c.i.e.AbstractTransferListenerAdapter - Downloaded https://repo.maven.apache.org/maven2/org/springframework/security/spring-security-oauth2-jose/6.3.1/spring-security-oauth2-jose-6.3.1-sources.jar
2024-08-06 09:45:06,597 [Worker-29: Download sources and javadoc] INFO  o.e.m.j.internal.DownloadSourcesJob - Downloaded sources for org.springframework.security:spring-security-oauth2-jose:6.3.1
2024-08-06 09:45:06,667 [Worker-29: Download sources and javadoc] INFO  o.e.m.c.i.e.AbstractTransferListenerAdapter - Downloading https://repo.maven.apache.org/maven2/com/nimbusds/nimbus-jose-jwt/9.37.3/nimbus-jose-jwt-9.37.3-sources.jar
2024-08-06 09:45:06,776 [Worker-29: Download sources and javadoc] INFO  o.e.m.c.i.e.AbstractTransferListenerAdapter - Downloaded https://repo.maven.apache.org/maven2/com/nimbusds/nimbus-jose-jwt/9.37.3/nimbus-jose-jwt-9.37.3-sources.jar
2024-08-06 09:45:06,778 [Worker-29: Download sources and javadoc] INFO  o.e.m.j.internal.DownloadSourcesJob - Downloaded sources for com.nimbusds:nimbus-jose-jwt:9.37.3
2024-08-06 10:00:40,480 [Worker-38: Building] INFO  o.a.m.s.f.DefaultMavenResourcesFiltering - Copying 1 resource from src/main/resources to target/classes
2024-08-06 10:00:40,490 [Worker-38: Building] INFO  o.a.m.s.f.DefaultMavenResourcesFiltering - Copying 0 resource from src/main/resources to target/classes
2024-08-06 10:00:40,491 [Worker-38: Building] INFO  o.a.m.s.f.DefaultMavenResourcesFiltering - skip non existing resourceDirectory /Users/jaredmai/Documents/20240610-java-sailpoint/week-08/day-05/oauth/src/test/resources
2024-08-06 10:11:34,560 [Worker-50: Building] INFO  o.a.m.s.f.DefaultMavenResourcesFiltering - Copying 1 resource from src/main/resources to target/classes
2024-08-06 10:11:34,589 [Worker-50: Building] INFO  o.a.m.s.f.DefaultMavenResourcesFiltering - Copying 0 resource from src/main/resources to target/classes
2024-08-06 10:11:34,596 [Worker-50: Building] INFO  o.a.m.s.f.DefaultMavenResourcesFiltering - skip non existing resourceDirectory /Users/jaredmai/Documents/20240610-java-sailpoint/week-08/day-05/oauth/src/test/resources
2024-08-06 10:16:52,733 [Worker-50: Building] INFO  o.a.m.s.f.DefaultMavenResourcesFiltering - Copying 1 resource from src/main/resources to target/classes
2024-08-06 10:16:52,744 [Worker-50: Building] INFO  o.a.m.s.f.DefaultMavenResourcesFiltering - Copying 0 resource from src/main/resources to target/classes
2024-08-06 10:16:52,747 [Worker-50: Building] INFO  o.a.m.s.f.DefaultMavenResourcesFiltering - skip non existing resourceDirectory /Users/jaredmai/Documents/20240610-java-sailpoint/week-08/day-05/oauth/src/test/resources
2024-08-06 10:16:53,812 [Worker-53: Building] INFO  o.a.m.s.f.DefaultMavenResourcesFiltering - Copying 1 resource from src/main/resources to target/classes
2024-08-06 10:16:53,825 [Worker-53: Building] INFO  o.a.m.s.f.DefaultMavenResourcesFiltering - Copying 0 resource from src/main/resources to target/classes
2024-08-06 10:16:53,829 [Worker-53: Building] INFO  o.a.m.s.f.DefaultMavenResourcesFiltering - skip non existing resourceDirectory /Users/jaredmai/Documents/20240610-java-sailpoint/week-08/day-05/oauth/src/test/resources
2024-08-06 10:41:40,560 [Worker-59: Building] INFO  o.a.m.s.f.DefaultMavenResourcesFiltering - Copying 1 resource from src/main/resources to target/classes
2024-08-06 10:41:40,575 [Worker-59: Building] INFO  o.a.m.s.f.DefaultMavenResourcesFiltering - Copying 0 resource from src/main/resources to target/classes
2024-08-06 10:41:40,577 [Worker-59: Building] INFO  o.a.m.s.f.DefaultMavenResourcesFiltering - skip non existing resourceDirectory /Users/jaredmai/Documents/20240610-java-sailpoint/week-08/day-05/oauth/src/test/resources
2024-08-06 10:42:24,379 [Worker-57: Building] INFO  o.a.m.s.f.DefaultMavenResourcesFiltering - Copying 1 resource from src/main/resources to target/classes
2024-08-06 10:42:24,408 [Worker-57: Building] INFO  o.a.m.s.f.DefaultMavenResourcesFiltering - Copying 0 resource from src/main/resources to target/classes
2024-08-06 10:42:24,415 [Worker-57: Building] INFO  o.a.m.s.f.DefaultMavenResourcesFiltering - skip non existing resourceDirectory /Users/jaredmai/Documents/20240610-java-sailpoint/week-08/day-05/oauth/src/test/resources
2024-08-06 10:58:27,489 [Worker-63: Building] INFO  o.a.m.s.f.DefaultMavenResourcesFiltering - Copying 1 resource from src/main/resources to target/classes
2024-08-06 10:58:27,506 [Worker-63: Building] INFO  o.a.m.s.f.DefaultMavenResourcesFiltering - Copying 0 resource from src/main/resources to target/classes
2024-08-06 10:58:27,510 [Worker-63: Building] INFO  o.a.m.s.f.DefaultMavenResourcesFiltering - skip non existing resourceDirectory /Users/jaredmai/Documents/20240610-java-sailpoint/week-08/day-05/oauth/src/test/resources
2024-08-06 11:02:34,787 [Worker-66: Building] INFO  o.a.m.s.f.DefaultMavenResourcesFiltering - Copying 1 resource from src/main/resources to target/classes
2024-08-06 11:02:34,817 [Worker-66: Building] INFO  o.a.m.s.f.DefaultMavenResourcesFiltering - Copying 0 resource from src/main/resources to target/classes
2024-08-06 11:02:34,822 [Worker-66: Building] INFO  o.a.m.s.f.DefaultMavenResourcesFiltering - skip non existing resourceDirectory /Users/jaredmai/Documents/20240610-java-sailpoint/week-08/day-05/oauth/src/test/resources
2024-08-06 11:04:42,793 [Worker-66: Building] INFO  o.a.m.s.f.DefaultMavenResourcesFiltering - Copying 1 resource from src/main/resources to target/classes
2024-08-06 11:04:42,808 [Worker-66: Building] INFO  o.a.m.s.f.DefaultMavenResourcesFiltering - Copying 0 resource from src/main/resources to target/classes
2024-08-06 11:04:42,811 [Worker-66: Building] INFO  o.a.m.s.f.DefaultMavenResourcesFiltering - skip non existing resourceDirectory /Users/jaredmai/Documents/20240610-java-sailpoint/week-08/day-05/oauth/src/test/resources
2024-08-06 11:05:57,371 [Worker-74: Building] INFO  o.a.m.s.f.DefaultMavenResourcesFiltering - Copying 1 resource from src/main/resources to target/classes
2024-08-06 11:05:57,401 [Worker-74: Building] INFO  o.a.m.s.f.DefaultMavenResourcesFiltering - Copying 0 resource from src/main/resources to target/classes
2024-08-06 11:05:57,403 [Worker-74: Building] INFO  o.a.m.s.f.DefaultMavenResourcesFiltering - skip non existing resourceDirectory /Users/jaredmai/Documents/20240610-java-sailpoint/week-08/day-05/oauth/src/test/resources
2024-08-06 11:13:51,936 [Worker-73: Building] INFO  o.a.m.s.f.DefaultMavenResourcesFiltering - Copying 1 resource from src/main/resources to target/classes
2024-08-06 11:13:52,022 [Worker-73: Building] INFO  o.a.m.s.f.DefaultMavenResourcesFiltering - Copying 0 resource from src/main/resources to target/classes
2024-08-06 11:13:52,041 [Worker-73: Building] INFO  o.a.m.s.f.DefaultMavenResourcesFiltering - skip non existing resourceDirectory /Users/jaredmai/Documents/20240610-java-sailpoint/week-08/day-05/oauth/src/test/resources
2024-08-06 11:13:54,616 [Worker-79: Building] INFO  o.a.m.s.f.DefaultMavenResourcesFiltering - Copying 1 resource from src/main/resources to target/classes
2024-08-06 11:13:54,623 [Worker-79: Building] INFO  o.a.m.s.f.DefaultMavenResourcesFiltering - Copying 0 resource from src/main/resources to target/classes
2024-08-06 11:13:54,625 [Worker-79: Building] INFO  o.a.m.s.f.DefaultMavenResourcesFiltering - skip non existing resourceDirectory /Users/jaredmai/Documents/20240610-java-sailpoint/week-08/day-05/oauth/src/test/resources
2024-08-06 11:20:24,446 [Worker-73: Building] INFO  o.e.m.c.i.l.LifecycleMappingFactory - Using org.eclipse.m2e.jdt.JarLifecycleMapping lifecycle mapping for MavenProject: com.skillstorm:oauth:0.0.1-SNAPSHOT @ /Users/jaredmai/Documents/20240610-java-sailpoint/week-08/day-05/oauth/pom.xml.
2024-08-06 11:20:25,230 [Worker-73: Building] INFO  o.e.m.c.i.e.AbstractTransferListenerAdapter - Downloading https://repo.maven.apache.org/maven2/org/springframework/boot/spring-boot-starter-oauth2-resource-server/3.3.2/spring-boot-starter-oauth2-resource-server-3.3.2.pom
2024-08-06 11:20:25,234 [Worker-73: Building] INFO  o.e.m.c.i.e.AbstractTransferListenerAdapter - Downloaded https://repo.maven.apache.org/maven2/org/springframework/boot/spring-boot-starter-oauth2-resource-server/3.3.2/spring-boot-starter-oauth2-resource-server-3.3.2.pom
2024-08-06 11:20:25,265 [Worker-73: Building] INFO  o.e.m.c.i.e.AbstractTransferListenerAdapter - Downloading https://repo.maven.apache.org/maven2/org/springframework/security/spring-security-oauth2-resource-server/6.3.1/spring-security-oauth2-resource-server-6.3.1.pom
2024-08-06 11:20:25,268 [Worker-73: Building] INFO  o.e.m.c.i.e.AbstractTransferListenerAdapter - Downloaded https://repo.maven.apache.org/maven2/org/springframework/security/spring-security-oauth2-resource-server/6.3.1/spring-security-oauth2-resource-server-6.3.1.pom
2024-08-06 11:20:25,320 [Worker-73: Building] INFO  o.e.m.c.i.e.AbstractTransferListenerAdapter - Downloading https://repo.maven.apache.org/maven2/org/springframework/boot/spring-boot-starter-oauth2-resource-server/3.3.2/spring-boot-starter-oauth2-resource-server-3.3.2.jar
2024-08-06 11:20:25,324 [Worker-73: Building] INFO  o.e.m.c.i.e.AbstractTransferListenerAdapter - Downloaded https://repo.maven.apache.org/maven2/org/springframework/boot/spring-boot-starter-oauth2-resource-server/3.3.2/spring-boot-starter-oauth2-resource-server-3.3.2.jar
2024-08-06 11:20:25,354 [BasicRepositoryConnector-repo.maven.apache.org-2-0] INFO  o.e.m.c.i.e.AbstractTransferListenerAdapter - Downloading https://repo.maven.apache.org/maven2/org/springframework/security/spring-security-oauth2-resource-server/6.3.1/spring-security-oauth2-resource-server-6.3.1.jar
2024-08-06 11:20:25,390 [BasicRepositoryConnector-repo.maven.apache.org-2-0] INFO  o.e.m.c.i.e.AbstractTransferListenerAdapter - Downloaded https://repo.maven.apache.org/maven2/org/springframework/security/spring-security-oauth2-resource-server/6.3.1/spring-security-oauth2-resource-server-6.3.1.jar
2024-08-06 11:20:25,814 [Worker-73: Building] INFO  o.a.m.s.f.DefaultMavenResourcesFiltering - Copying 0 resource from src/main/resources to target/classes
2024-08-06 11:20:25,815 [Worker-73: Building] INFO  o.a.m.s.f.DefaultMavenResourcesFiltering - Copying 0 resource from src/main/resources to target/classes
2024-08-06 11:20:25,820 [Worker-73: Building] INFO  o.a.m.s.f.DefaultMavenResourcesFiltering - skip non existing resourceDirectory /Users/jaredmai/Documents/20240610-java-sailpoint/week-08/day-05/oauth/src/test/resources
2024-08-06 11:20:26,422 [Worker-73: Building] INFO  o.a.m.s.f.DefaultMavenResourcesFiltering - Copying 1 resource from src/main/resources to target/classes
2024-08-06 11:20:26,465 [Worker-73: Building] INFO  o.a.m.s.f.DefaultMavenResourcesFiltering - Copying 0 resource from src/main/resources to target/classes
2024-08-06 11:20:26,469 [Worker-73: Building] INFO  o.a.m.s.f.DefaultMavenResourcesFiltering - skip non existing resourceDirectory /Users/jaredmai/Documents/20240610-java-sailpoint/week-08/day-05/oauth/src/test/resources
2024-08-06 11:20:26,702 [Worker-88: Download sources and javadoc] INFO  o.e.m.c.i.e.AbstractTransferListenerAdapter - Downloading https://repo.maven.apache.org/maven2/org/springframework/boot/spring-boot-starter-oauth2-resource-server/3.3.2/spring-boot-starter-oauth2-resource-server-3.3.2-sources.jar
2024-08-06 11:20:26,706 [Worker-88: Download sources and javadoc] INFO  o.e.m.c.i.e.AbstractTransferListenerAdapter - Downloaded https://repo.maven.apache.org/maven2/org/springframework/boot/spring-boot-starter-oauth2-resource-server/3.3.2/spring-boot-starter-oauth2-resource-server-3.3.2-sources.jar
2024-08-06 11:20:26,710 [Worker-88: Download sources and javadoc] INFO  o.e.m.j.internal.DownloadSourcesJob - Downloaded sources for org.springframework.boot:spring-boot-starter-oauth2-resource-server:3.3.2
2024-08-06 11:20:26,802 [Worker-88: Download sources and javadoc] INFO  o.e.m.c.i.e.AbstractTransferListenerAdapter - Downloading https://repo.maven.apache.org/maven2/org/springframework/security/spring-security-oauth2-resource-server/6.3.1/spring-security-oauth2-resource-server-6.3.1-sources.jar
2024-08-06 11:20:26,827 [Worker-88: Download sources and javadoc] INFO  o.e.m.c.i.e.AbstractTransferListenerAdapter - Downloaded https://repo.maven.apache.org/maven2/org/springframework/security/spring-security-oauth2-resource-server/6.3.1/spring-security-oauth2-resource-server-6.3.1-sources.jar
2024-08-06 11:20:26,835 [Worker-88: Download sources and javadoc] INFO  o.e.m.j.internal.DownloadSourcesJob - Downloaded sources for org.springframework.security:spring-security-oauth2-resource-server:6.3.1
2024-08-06 11:20:27,952 [Worker-91: Updating Maven Project] INFO  o.e.m.c.i.p.ProjectConfigurationManager - Update started
2024-08-06 11:20:28,319 [Worker-91: Updating Maven Project] INFO  o.e.m.c.i.l.LifecycleMappingFactory - Using org.eclipse.m2e.jdt.JarLifecycleMapping lifecycle mapping for MavenProject: com.skillstorm:oauth:0.0.1-SNAPSHOT @ /Users/jaredmai/Documents/20240610-java-sailpoint/week-08/day-05/oauth/pom.xml.
2024-08-06 11:20:28,721 [Worker-91: Updating Maven Project] INFO  o.e.m.j.i.AbstractJavaProjectConfigurator - Adding source folder /oauth/src/main/java
2024-08-06 11:20:28,721 [Worker-91: Updating Maven Project] INFO  o.e.m.j.i.AbstractJavaProjectConfigurator - Adding resource folder /oauth/src/main/resources
2024-08-06 11:20:28,721 [Worker-91: Updating Maven Project] INFO  o.e.m.j.i.AbstractJavaProjectConfigurator - Adding resource folder /oauth/src/main/resources
2024-08-06 11:20:28,722 [Worker-91: Updating Maven Project] INFO  o.e.m.j.i.AbstractJavaProjectConfigurator - Adding source folder /oauth/src/test/java
2024-08-06 11:20:28,722 [Worker-91: Updating Maven Project] INFO  o.e.m.j.i.AbstractJavaProjectConfigurator - Adding resource folder /oauth/src/test/resources
2024-08-06 11:20:28,914 [Worker-91: Updating Maven Project] INFO  o.e.m.c.i.p.ProjectConfigurationManager - Update completed for 1 poms: local refresh takes 0.00 sec, refresh facades takes 0.00 sec, update config takes 0.00 sec 
2024-08-06 11:20:29,308 [Worker-88: Building] INFO  o.a.m.s.f.DefaultMavenResourcesFiltering - Copying 1 resource from src/main/resources to target/classes
2024-08-06 11:20:29,328 [Worker-88: Building] INFO  o.a.m.s.f.DefaultMavenResourcesFiltering - Copying 0 resource from src/main/resources to target/classes
2024-08-06 11:20:29,333 [Worker-88: Building] INFO  o.a.m.s.f.DefaultMavenResourcesFiltering - skip non existing resourceDirectory /Users/jaredmai/Documents/20240610-java-sailpoint/week-08/day-05/oauth/src/test/resources
2024-08-06 14:33:47,797 [Worker-100: Building] INFO  o.e.m.c.i.l.LifecycleMappingFactory - Using org.eclipse.m2e.jdt.JarLifecycleMapping lifecycle mapping for MavenProject: com.skillstorm:oauth:0.0.1-SNAPSHOT @ /Users/jaredmai/Documents/20240610-java-sailpoint/week-08/day-05/oauth/pom.xml.
2024-08-06 14:33:48,349 [Worker-100: Building] INFO  o.e.m.c.i.e.AbstractTransferListenerAdapter - Downloading https://repo.maven.apache.org/maven2/com/okta/spring/okta-spring-boot-starter/3.0.7/okta-spring-boot-starter-3.0.7.pom
2024-08-06 14:33:48,351 [Worker-100: Building] INFO  o.e.m.c.i.e.AbstractTransferListenerAdapter - Downloaded https://repo.maven.apache.org/maven2/com/okta/spring/okta-spring-boot-starter/3.0.7/okta-spring-boot-starter-3.0.7.pom
2024-08-06 14:33:48,383 [Worker-100: Building] INFO  o.e.m.c.i.e.AbstractTransferListenerAdapter - Downloading https://repo.maven.apache.org/maven2/com/okta/spring/okta-spring-boot-parent/3.0.7/okta-spring-boot-parent-3.0.7.pom
2024-08-06 14:33:48,387 [Worker-100: Building] INFO  o.e.m.c.i.e.AbstractTransferListenerAdapter - Downloaded https://repo.maven.apache.org/maven2/com/okta/spring/okta-spring-boot-parent/3.0.7/okta-spring-boot-parent-3.0.7.pom
2024-08-06 14:33:48,419 [Worker-100: Building] INFO  o.e.m.c.i.e.AbstractTransferListenerAdapter - Downloading https://repo.maven.apache.org/maven2/com/okta/okta-parent/30/okta-parent-30.pom
2024-08-06 14:33:48,429 [Worker-100: Building] INFO  o.e.m.c.i.e.AbstractTransferListenerAdapter - Downloaded https://repo.maven.apache.org/maven2/com/okta/okta-parent/30/okta-parent-30.pom
2024-08-06 14:33:48,459 [Worker-100: Building] INFO  o.e.m.c.i.e.AbstractTransferListenerAdapter - Downloading https://repo.maven.apache.org/maven2/com/okta/okta-aggregator/30/okta-aggregator-30.pom
2024-08-06 14:33:48,461 [Worker-100: Building] INFO  o.e.m.c.i.e.AbstractTransferListenerAdapter - Downloaded https://repo.maven.apache.org/maven2/com/okta/okta-aggregator/30/okta-aggregator-30.pom
2024-08-06 14:33:48,502 [Worker-100: Building] INFO  o.e.m.c.i.e.AbstractTransferListenerAdapter - Downloading https://repo.maven.apache.org/maven2/org/springframework/boot/spring-boot-dependencies/3.3.1/spring-boot-dependencies-3.3.1.pom
2024-08-06 14:33:48,531 [Worker-100: Building] INFO  o.e.m.c.i.e.AbstractTransferListenerAdapter - Downloaded https://repo.maven.apache.org/maven2/org/springframework/boot/spring-boot-dependencies/3.3.1/spring-boot-dependencies-3.3.1.pom
2024-08-06 14:33:48,644 [Worker-100: Building] INFO  o.e.m.c.i.e.AbstractTransferListenerAdapter - Downloading https://repo.maven.apache.org/maven2/io/micrometer/micrometer-bom/1.13.1/micrometer-bom-1.13.1.pom
2024-08-06 14:33:48,647 [Worker-100: Building] INFO  o.e.m.c.i.e.AbstractTransferListenerAdapter - Downloaded https://repo.maven.apache.org/maven2/io/micrometer/micrometer-bom/1.13.1/micrometer-bom-1.13.1.pom
2024-08-06 14:33:48,681 [Worker-100: Building] INFO  o.e.m.c.i.e.AbstractTransferListenerAdapter - Downloading https://repo.maven.apache.org/maven2/io/micrometer/micrometer-tracing-bom/1.3.1/micrometer-tracing-bom-1.3.1.pom
2024-08-06 14:33:48,682 [Worker-100: Building] INFO  o.e.m.c.i.e.AbstractTransferListenerAdapter - Downloaded https://repo.maven.apache.org/maven2/io/micrometer/micrometer-tracing-bom/1.3.1/micrometer-tracing-bom-1.3.1.pom
2024-08-06 14:33:48,733 [Worker-100: Building] INFO  o.e.m.c.i.e.AbstractTransferListenerAdapter - Downloading https://repo.maven.apache.org/maven2/org/springframework/data/spring-data-bom/2024.0.1/spring-data-bom-2024.0.1.pom
2024-08-06 14:33:48,735 [Worker-100: Building] INFO  o.e.m.c.i.e.AbstractTransferListenerAdapter - Downloaded https://repo.maven.apache.org/maven2/org/springframework/data/spring-data-bom/2024.0.1/spring-data-bom-2024.0.1.pom
2024-08-06 14:33:48,763 [Worker-100: Building] INFO  o.e.m.c.i.e.AbstractTransferListenerAdapter - Downloading https://repo.maven.apache.org/maven2/org/springframework/integration/spring-integration-bom/6.3.1/spring-integration-bom-6.3.1.pom
2024-08-06 14:33:48,765 [Worker-100: Building] INFO  o.e.m.c.i.e.AbstractTransferListenerAdapter - Downloaded https://repo.maven.apache.org/maven2/org/springframework/integration/spring-integration-bom/6.3.1/spring-integration-bom-6.3.1.pom
2024-08-06 14:33:48,793 [Worker-100: Building] INFO  o.e.m.c.i.e.AbstractTransferListenerAdapter - Downloading https://repo.maven.apache.org/maven2/org/springframework/pulsar/spring-pulsar-bom/1.1.1/spring-pulsar-bom-1.1.1.pom
2024-08-06 14:33:48,795 [Worker-100: Building] INFO  o.e.m.c.i.e.AbstractTransferListenerAdapter - Downloaded https://repo.maven.apache.org/maven2/org/springframework/pulsar/spring-pulsar-bom/1.1.1/spring-pulsar-bom-1.1.1.pom
2024-08-06 14:33:48,835 [Worker-100: Building] INFO  o.e.m.c.i.e.AbstractTransferListenerAdapter - Downloading https://repo.maven.apache.org/maven2/com/okta/spring/okta-spring-security-oauth2/3.0.7/okta-spring-security-oauth2-3.0.7.pom
2024-08-06 14:33:48,836 [Worker-100: Building] INFO  o.e.m.c.i.e.AbstractTransferListenerAdapter - Downloaded https://repo.maven.apache.org/maven2/com/okta/spring/okta-spring-security-oauth2/3.0.7/okta-spring-security-oauth2-3.0.7.pom
2024-08-06 14:33:48,880 [Worker-100: Building] INFO  o.e.m.c.i.e.AbstractTransferListenerAdapter - Downloading https://repo.maven.apache.org/maven2/com/okta/commons/okta-config-check/1.3.5/okta-config-check-1.3.5.pom
2024-08-06 14:33:48,881 [Worker-100: Building] INFO  o.e.m.c.i.e.AbstractTransferListenerAdapter - Downloaded https://repo.maven.apache.org/maven2/com/okta/commons/okta-config-check/1.3.5/okta-config-check-1.3.5.pom
2024-08-06 14:33:48,906 [Worker-100: Building] INFO  o.e.m.c.i.e.AbstractTransferListenerAdapter - Downloading https://repo.maven.apache.org/maven2/com/okta/commons/okta-commons-root/1.3.5/okta-commons-root-1.3.5.pom
2024-08-06 14:33:48,908 [Worker-100: Building] INFO  o.e.m.c.i.e.AbstractTransferListenerAdapter - Downloaded https://repo.maven.apache.org/maven2/com/okta/commons/okta-commons-root/1.3.5/okta-commons-root-1.3.5.pom
2024-08-06 14:33:48,941 [Worker-100: Building] INFO  o.e.m.c.i.e.AbstractTransferListenerAdapter - Downloading https://repo.maven.apache.org/maven2/com/okta/commons/okta-commons-lang/1.3.5/okta-commons-lang-1.3.5.pom
2024-08-06 14:33:48,942 [Worker-100: Building] INFO  o.e.m.c.i.e.AbstractTransferListenerAdapter - Downloaded https://repo.maven.apache.org/maven2/com/okta/commons/okta-commons-lang/1.3.5/okta-commons-lang-1.3.5.pom
2024-08-06 14:33:48,971 [Worker-100: Building] INFO  o.e.m.c.i.e.AbstractTransferListenerAdapter - Downloading https://repo.maven.apache.org/maven2/com/okta/spring/okta-spring-sdk/3.0.7/okta-spring-sdk-3.0.7.pom
2024-08-06 14:33:48,973 [Worker-100: Building] INFO  o.e.m.c.i.e.AbstractTransferListenerAdapter - Downloaded https://repo.maven.apache.org/maven2/com/okta/spring/okta-spring-sdk/3.0.7/okta-spring-sdk-3.0.7.pom
2024-08-06 14:33:49,025 [Worker-100: Building] INFO  o.e.m.c.i.e.AbstractTransferListenerAdapter - Downloading https://repo.maven.apache.org/maven2/com/okta/spring/okta-spring-boot-starter/3.0.7/okta-spring-boot-starter-3.0.7.jar
2024-08-06 14:33:49,027 [Worker-100: Building] INFO  o.e.m.c.i.e.AbstractTransferListenerAdapter - Downloaded https://repo.maven.apache.org/maven2/com/okta/spring/okta-spring-boot-starter/3.0.7/okta-spring-boot-starter-3.0.7.jar
2024-08-06 14:33:49,055 [BasicRepositoryConnector-repo.maven.apache.org-3-2] INFO  o.e.m.c.i.e.AbstractTransferListenerAdapter - Downloading https://repo.maven.apache.org/maven2/com/okta/commons/okta-commons-lang/1.3.5/okta-commons-lang-1.3.5.jar
2024-08-06 14:33:49,057 [BasicRepositoryConnector-repo.maven.apache.org-3-2] INFO  o.e.m.c.i.e.AbstractTransferListenerAdapter - Downloaded https://repo.maven.apache.org/maven2/com/okta/commons/okta-commons-lang/1.3.5/okta-commons-lang-1.3.5.jar
2024-08-06 14:33:49,089 [BasicRepositoryConnector-repo.maven.apache.org-3-0] INFO  o.e.m.c.i.e.AbstractTransferListenerAdapter - Downloading https://repo.maven.apache.org/maven2/com/okta/spring/okta-spring-security-oauth2/3.0.7/okta-spring-security-oauth2-3.0.7.jar
2024-08-06 14:33:49,096 [BasicRepositoryConnector-repo.maven.apache.org-3-3] INFO  o.e.m.c.i.e.AbstractTransferListenerAdapter - Downloading https://repo.maven.apache.org/maven2/com/okta/spring/okta-spring-sdk/3.0.7/okta-spring-sdk-3.0.7.jar
2024-08-06 14:33:49,097 [BasicRepositoryConnector-repo.maven.apache.org-3-3] INFO  o.e.m.c.i.e.AbstractTransferListenerAdapter - Downloaded https://repo.maven.apache.org/maven2/com/okta/spring/okta-spring-sdk/3.0.7/okta-spring-sdk-3.0.7.jar
2024-08-06 14:33:49,098 [BasicRepositoryConnector-repo.maven.apache.org-3-1] INFO  o.e.m.c.i.e.AbstractTransferListenerAdapter - Downloading https://repo.maven.apache.org/maven2/com/okta/commons/okta-config-check/1.3.5/okta-config-check-1.3.5.jar
2024-08-06 14:33:49,101 [BasicRepositoryConnector-repo.maven.apache.org-3-1] INFO  o.e.m.c.i.e.AbstractTransferListenerAdapter - Downloaded https://repo.maven.apache.org/maven2/com/okta/commons/okta-config-check/1.3.5/okta-config-check-1.3.5.jar
2024-08-06 14:33:49,113 [BasicRepositoryConnector-repo.maven.apache.org-3-0] INFO  o.e.m.c.i.e.AbstractTransferListenerAdapter - Downloaded https://repo.maven.apache.org/maven2/com/okta/spring/okta-spring-security-oauth2/3.0.7/okta-spring-security-oauth2-3.0.7.jar
2024-08-06 14:33:49,332 [Worker-100: Building] INFO  o.e.m.c.i.l.LifecycleMappingFactory - Using org.eclipse.m2e.jdt.JarLifecycleMapping lifecycle mapping for MavenProject: com.project2:personnel_management_v2:0.0.1-SNAPSHOT @ /Users/jaredmai/Desktop/Personnel-Management-v2/Personnel-Management-v2/backend/personnel_management_v2/pom.xml.
2024-08-06 14:33:49,631 [Worker-100: Building] INFO  o.e.m.c.i.l.LifecycleMappingFactory - Using org.eclipse.m2e.jdt.JarLifecycleMapping lifecycle mapping for MavenProject: com.skillstorm:JWT:0.0.1-SNAPSHOT @ /Users/jaredmai/Documents/20240610-java-sailpoint/week-08/day-04/jwt-backend/pom.xml.
2024-08-06 14:33:49,851 [Worker-100: Building] INFO  o.a.m.s.f.DefaultMavenResourcesFiltering - Copying 1 resource from src/main/resources to target/classes
2024-08-06 14:33:49,857 [Worker-100: Building] INFO  o.a.m.s.f.DefaultMavenResourcesFiltering - Copying 0 resource from src/main/resources to target/classes
2024-08-06 14:33:49,860 [Worker-100: Building] INFO  o.a.m.s.f.DefaultMavenResourcesFiltering - skip non existing resourceDirectory /Users/jaredmai/Documents/20240610-java-sailpoint/week-08/day-05/oauth/src/test/resources
2024-08-06 14:33:50,142 [Worker-107: Building] INFO  o.a.m.s.f.DefaultMavenResourcesFiltering - Copying 1 resource from src/main/resources to target/classes
2024-08-06 14:33:50,147 [Worker-107: Building] INFO  o.a.m.s.f.DefaultMavenResourcesFiltering - Copying 0 resource from src/main/resources to target/classes
2024-08-06 14:33:50,149 [Worker-107: Building] INFO  o.a.m.s.f.DefaultMavenResourcesFiltering - skip non existing resourceDirectory /Users/jaredmai/Documents/20240610-java-sailpoint/week-08/day-05/oauth/src/test/resources
2024-08-06 14:33:50,991 [Worker-106: Download sources and javadoc] INFO  o.e.m.c.i.e.AbstractTransferListenerAdapter - Downloaded https://repo.maven.apache.org/maven2/com/okta/spring/okta-spring-boot-starter/3.0.7/okta-spring-boot-starter-3.0.7-sources.jar
2024-08-06 14:33:51,011 [Worker-106: Download sources and javadoc] ERROR o.e.m.j.internal.DownloadSourcesJob - Could not download sources for com.okta.spring:okta-spring-boot-starter:3.0.7
org.eclipse.core.runtime.CoreException: Could not resolve artifact com.okta.spring:okta-spring-boot-starter:jar:sources:3.0.7
	at org.eclipse.m2e.core.internal.embedder.MavenImpl.lambda$7(MavenImpl.java:540)
	at org.eclipse.m2e.core.internal.embedder.MavenExecutionContext.executeBare(MavenExecutionContext.java:458)
	at org.eclipse.m2e.core.internal.embedder.MavenExecutionContext.execute(MavenExecutionContext.java:292)
	at org.eclipse.m2e.core.internal.embedder.MavenExecutionContext.execute(MavenExecutionContext.java:278)
	at org.eclipse.m2e.core.internal.embedder.MavenImpl.resolve(MavenImpl.java:509)
	at org.eclipse.m2e.core.internal.embedder.MavenImpl.resolve(MavenImpl.java:494)
	at org.eclipse.m2e.jdt.internal.DownloadSourcesJob.download(DownloadSourcesJob.java:308)
	at org.eclipse.m2e.jdt.internal.DownloadSourcesJob.downloadAttachments(DownloadSourcesJob.java:282)
	at org.eclipse.m2e.jdt.internal.DownloadSourcesJob.downloadMaven(DownloadSourcesJob.java:252)
	at org.eclipse.m2e.jdt.internal.DownloadSourcesJob.downloadFilesAndPopulateToUpdate(DownloadSourcesJob.java:220)
	at org.eclipse.m2e.jdt.internal.DownloadSourcesJob.lambda$0(DownloadSourcesJob.java:149)
	at org.eclipse.m2e.core.internal.embedder.MavenExecutionContext.executeBare(MavenExecutionContext.java:458)
	at org.eclipse.m2e.core.internal.embedder.MavenExecutionContext.execute(MavenExecutionContext.java:339)
	at org.eclipse.m2e.core.internal.embedder.MavenExecutionContext.execute(MavenExecutionContext.java:278)
	at org.eclipse.m2e.core.embedder.IMaven.execute(IMaven.java:300)
	at org.eclipse.m2e.jdt.internal.DownloadSourcesJob.run(DownloadSourcesJob.java:149)
	at org.eclipse.core.internal.jobs.Worker.run(Worker.java:63)
2024-08-06 14:33:51,125 [Worker-106: Download sources and javadoc] INFO  o.e.m.c.i.e.AbstractTransferListenerAdapter - Downloading https://repo.maven.apache.org/maven2/com/okta/spring/okta-spring-security-oauth2/3.0.7/okta-spring-security-oauth2-3.0.7-sources.jar
2024-08-06 14:33:51,148 [Worker-106: Download sources and javadoc] INFO  o.e.m.c.i.e.AbstractTransferListenerAdapter - Downloaded https://repo.maven.apache.org/maven2/com/okta/spring/okta-spring-security-oauth2/3.0.7/okta-spring-security-oauth2-3.0.7-sources.jar
2024-08-06 14:33:51,149 [Worker-106: Download sources and javadoc] INFO  o.e.m.j.internal.DownloadSourcesJob - Downloaded sources for com.okta.spring:okta-spring-security-oauth2:3.0.7
2024-08-06 14:33:51,222 [Worker-106: Download sources and javadoc] INFO  o.e.m.c.i.e.AbstractTransferListenerAdapter - Downloading https://repo.maven.apache.org/maven2/com/okta/commons/okta-config-check/1.3.5/okta-config-check-1.3.5-sources.jar
2024-08-06 14:33:51,226 [Worker-106: Download sources and javadoc] INFO  o.e.m.c.i.e.AbstractTransferListenerAdapter - Downloaded https://repo.maven.apache.org/maven2/com/okta/commons/okta-config-check/1.3.5/okta-config-check-1.3.5-sources.jar
2024-08-06 14:33:51,229 [Worker-106: Download sources and javadoc] INFO  o.e.m.j.internal.DownloadSourcesJob - Downloaded sources for com.okta.commons:okta-config-check:1.3.5
2024-08-06 14:33:51,320 [Worker-106: Download sources and javadoc] INFO  o.e.m.c.i.e.AbstractTransferListenerAdapter - Downloading https://repo.maven.apache.org/maven2/com/okta/commons/okta-commons-lang/1.3.5/okta-commons-lang-1.3.5-sources.jar
2024-08-06 14:33:51,336 [Worker-106: Download sources and javadoc] INFO  o.e.m.c.i.e.AbstractTransferListenerAdapter - Downloaded https://repo.maven.apache.org/maven2/com/okta/commons/okta-commons-lang/1.3.5/okta-commons-lang-1.3.5-sources.jar
2024-08-06 14:33:51,343 [Worker-106: Download sources and javadoc] INFO  o.e.m.j.internal.DownloadSourcesJob - Downloaded sources for com.okta.commons:okta-commons-lang:1.3.5
2024-08-06 14:33:51,418 [Worker-106: Download sources and javadoc] INFO  o.e.m.c.i.e.AbstractTransferListenerAdapter - Downloading https://repo.maven.apache.org/maven2/com/okta/spring/okta-spring-sdk/3.0.7/okta-spring-sdk-3.0.7-sources.jar
2024-08-06 14:33:51,422 [Worker-106: Download sources and javadoc] INFO  o.e.m.c.i.e.AbstractTransferListenerAdapter - Downloaded https://repo.maven.apache.org/maven2/com/okta/spring/okta-spring-sdk/3.0.7/okta-spring-sdk-3.0.7-sources.jar
2024-08-06 14:33:51,423 [Worker-106: Download sources and javadoc] INFO  o.e.m.j.internal.DownloadSourcesJob - Downloaded sources for com.okta.spring:okta-spring-sdk:3.0.7
2024-08-06 14:35:06,222 [Worker-118: Building] INFO  o.e.m.c.i.l.LifecycleMappingFactory - Using org.eclipse.m2e.jdt.JarLifecycleMapping lifecycle mapping for MavenProject: com.project2:personnel_management_v2:0.0.1-SNAPSHOT @ /Users/jaredmai/Desktop/Personnel-Management-v2/Personnel-Management-v2/backend/personnel_management_v2/pom.xml.
2024-08-06 14:35:06,461 [Worker-118: Building] INFO  o.a.m.s.f.DefaultMavenResourcesFiltering - Copying 0 resource from src/main/resources to target/classes
2024-08-06 14:35:06,461 [Worker-118: Building] INFO  o.a.m.s.f.DefaultMavenResourcesFiltering - Copying 0 resource from src/main/resources to target/classes
2024-08-06 14:35:06,522 [Worker-118: Building] INFO  o.a.m.s.f.DefaultMavenResourcesFiltering - skip non existing resourceDirectory /Users/jaredmai/Desktop/Personnel-Management-v2/Personnel-Management-v2/backend/personnel_management_v2/src/test/resources
2024-08-07 09:38:29,912 [Worker-164: Building] INFO  o.a.m.s.f.DefaultMavenResourcesFiltering - Copying 1 resource from src/main/resources to target/classes
2024-08-07 09:38:30,161 [Worker-164: Building] INFO  o.a.m.s.f.DefaultMavenResourcesFiltering - Copying 0 resource from src/main/resources to target/classes
2024-08-07 09:38:30,186 [Worker-164: Building] INFO  o.a.m.s.f.DefaultMavenResourcesFiltering - skip non existing resourceDirectory /Users/jaredmai/Documents/20240610-java-sailpoint/week-08/day-05/oauth/src/test/resources
2024-08-07 09:38:31,083 [Worker-164: Building] INFO  o.e.m.c.i.l.LifecycleMappingFactory - Using org.eclipse.m2e.jdt.JarLifecycleMapping lifecycle mapping for MavenProject: com.project2:personnel_management_v2:0.0.1-SNAPSHOT @ /Users/jaredmai/Desktop/Personnel-Management-v2/Personnel-Management-v2/backend/personnel_management_v2/pom.xml.
2024-08-07 09:38:31,929 [Worker-164: Building] INFO  o.a.m.s.f.DefaultMavenResourcesFiltering - Copying 1 resource from src/main/resources to target/classes
2024-08-07 09:38:32,020 [Worker-164: Building] INFO  o.a.m.s.f.DefaultMavenResourcesFiltering - Copying 0 resource from src/main/resources to target/classes
2024-08-07 09:38:32,027 [Worker-164: Building] INFO  o.a.m.s.f.DefaultMavenResourcesFiltering - skip non existing resourceDirectory /Users/jaredmai/Desktop/Personnel-Management-v2/Personnel-Management-v2/backend/personnel_management_v2/src/test/resources
2024-08-07 09:38:33,313 [Worker-163: Building] INFO  o.a.m.s.f.DefaultMavenResourcesFiltering - Copying 1 resource from src/main/resources to target/classes
2024-08-07 09:38:33,322 [Worker-163: Building] INFO  o.a.m.s.f.DefaultMavenResourcesFiltering - Copying 0 resource from src/main/resources to target/classes
2024-08-07 09:38:33,324 [Worker-163: Building] INFO  o.a.m.s.f.DefaultMavenResourcesFiltering - skip non existing resourceDirectory /Users/jaredmai/Desktop/Personnel-Management-v2/Personnel-Management-v2/backend/personnel_management_v2/src/test/resources
2024-08-07 09:39:16,447 [Worker-156: Building] INFO  o.a.m.s.f.DefaultMavenResourcesFiltering - Copying 1 resource from src/main/resources to target/classes
2024-08-07 09:39:16,457 [Worker-156: Building] INFO  o.a.m.s.f.DefaultMavenResourcesFiltering - Copying 0 resource from src/main/resources to target/classes
2024-08-07 09:39:16,461 [Worker-156: Building] INFO  o.a.m.s.f.DefaultMavenResourcesFiltering - skip non existing resourceDirectory /Users/jaredmai/Desktop/Personnel-Management-v2/Personnel-Management-v2/backend/personnel_management_v2/src/test/resources
2024-08-07 10:00:55,880 [Worker-171: Building] INFO  o.a.m.s.f.DefaultMavenResourcesFiltering - Copying 1 resource from src/main/resources to target/classes
2024-08-07 10:00:55,918 [Worker-171: Building] INFO  o.a.m.s.f.DefaultMavenResourcesFiltering - Copying 0 resource from src/main/resources to target/classes
2024-08-07 10:00:55,927 [Worker-171: Building] INFO  o.a.m.s.f.DefaultMavenResourcesFiltering - skip non existing resourceDirectory /Users/jaredmai/Desktop/Personnel-Management-v2/Personnel-Management-v2/backend/personnel_management_v2/src/test/resources
